2025-01-15T10:00:01Z [INFO     ] api-gateway: Request processed successfully in 42ms
2025-01-15T10:00:02Z [WARNING  ] auth-service: Response time exceeded 500ms threshold
2025-01-15T10:00:03Z [ERROR    ] payment-processor: Connection refused to database host db-primary:5432
2025-01-15T10:00:04Z [CRITICAL ] user-db: Out of memory: killed process 1234 (java) total-vm:8GB
2025-01-15T10:00:05Z [INFO     ] cache-redis: Health check passed
2025-01-15T10:00:06Z [WARNING  ] scheduler: Connection pool utilization at 80%
2025-01-15T10:00:07Z [ERROR    ] api-gateway: HTTP 503 from upstream service payment-processor
2025-01-15T10:00:08Z [CRITICAL ] auth-service: Circuit breaker OPEN for auth-service after 10 failures
2025-01-15T10:00:09Z [INFO     ] payment-processor: Cache hit ratio: 94%
2025-01-15T10:00:10Z [WARNING  ] user-db: Slow query detected: 2.3s on users table
2025-01-15T10:00:11Z [ERROR    ] cache-redis: Failed to deserialize request body: unexpected token
2025-01-15T10:00:12Z [CRITICAL ] scheduler: Pod crash-looping: OOMKilled in payment-processor-7d4f
2025-01-15T10:00:13Z [INFO     ] api-gateway: Scheduled job completed in 1.2s
2025-01-15T10:00:14Z [WARNING  ] auth-service: Memory usage above 75% threshold
2025-01-15T10:00:15Z [ERROR    ] payment-processor: TLS handshake failed with upstream cert-service
2025-01-15T10:00:16Z [CRITICAL ] user-db: Disk space critical: /var/log is 98% full
2025-01-15T10:00:17Z [INFO     ] cache-redis: Connection pool size: 10/50
2025-01-15T10:00:18Z [WARNING  ] scheduler: Retry attempt 2/3 for downstream call
2025-01-15T10:00:19Z [ERROR    ] api-gateway: Disk write error on /var/data/ingest: no space left
2025-01-15T10:00:20Z [CRITICAL ] auth-service: Cluster node etcd-3 unreachable for 30s
